===============================
 FINALIZING asset-factory v1.0.0 
===============================
 M life-map-pipeline/LOCK.md
 M life-map-pipeline/firestore.rules
 M life-map-pipeline/scripts/test-event-ingestion.js
 M life-map-pipeline/storage.rules
?? FINALIZE_20260207_211519.log
?? FINALIZE_20260207_211533.log
?? FINALIZE_20260207_211631.log
?? life-map-pipeline/deploy.sh
?? life-map-pipeline/functions/
?? life-map-pipeline/scripts/test-lifemap-completion.js
?? life-map-pipeline/src/lib/lifemap.types.ts
⚠️ Git tree dirty — continuing anyway
 ERR_PNPM_NO_PKG_MANIFEST  No package.json found in /home/user/asset-factory
 ERR_PNPM_NO_PKG_MANIFEST  No package.json found in /home/user/asset-factory
⚠️ install failed
 ERR_PNPM_NO_IMPORTER_MANIFEST_FOUND  No package.json (or package.yaml, or package.json5) was found in "/home/user/asset-factory".
⚠️ typecheck failed
 ERR_PNPM_NO_IMPORTER_MANIFEST_FOUND  No package.json (or package.yaml, or package.json5) was found in "/home/user/asset-factory".
⚠️ build failed

Error: Failed to authenticate, have you run firebase login?
⚠️ firebase use failed
Failed to fetch Firebase Project from current Studio Workspace: Unable to refresh auth: not yet authenticated.

Error: Not in a Firebase app directory (could not locate firebase.json)
⚠️ firebase deploy failed
curl: (6) Could not resolve host: assetfactory.app
⚠️ smoke test failed
